2025-12-12 21:11:46 - netpharm - INFO - Log file created: ./curcumin_results/compound_969516_20251212_211146/969516_20251212_211146.log
2025-12-12 21:11:46 - netpharm - INFO - 
======================================================================
2025-12-12 21:11:46 - netpharm - INFO - NETWORK PHARMACOLOGY ANALYSIS PIPELINE v1.0.0
2025-12-12 21:11:46 - netpharm - INFO - ======================================================================
2025-12-12 21:11:46 - netpharm - INFO - Output directory: ./curcumin_results/compound_969516_20251212_211146
2025-12-12 21:11:46 - netpharm - INFO - Compound identifier: 969516
2025-12-12 21:11:46 - netpharm - INFO - 
======================================================================
2025-12-12 21:11:46 - netpharm - INFO - [STEP 1] RETRIEVING COMPOUND INFORMATION FROM PUBCHEM
2025-12-12 21:11:46 - netpharm - INFO - ======================================================================
2025-12-12 21:11:46 - netpharm - INFO - Querying PubChem CID: 969516
2025-12-12 21:11:48 - netpharm - INFO - 
✓ Compound information retrieved successfully!
2025-12-12 21:11:48 - netpharm - INFO -   CID: 969516
2025-12-12 21:11:48 - netpharm - INFO -   Formula: C21H20O6
2025-12-12 21:11:48 - netpharm - INFO -   Molecular Weight: 368.4
2025-12-12 21:11:48 - netpharm - INFO -   Canonical SMILES: COC1=C(C=CC(=C1)C=CC(=O)CC(=O)C=CC2=CC(=C(C=C2)O)OC)O
2025-12-12 21:11:48 - netpharm - INFO - 
📄 Compound information saved to: ./curcumin_results/compound_969516_20251212_211146/step1_compound_info/compound_info.csv
2025-12-12 21:11:48 - netpharm - INFO -    This CSV contains: CID, SMILES, molecular formula, and weight
2025-12-12 21:11:48 - netpharm - INFO - 
======================================================================
2025-12-12 21:11:48 - netpharm - INFO - [STEP 2] TARGET PREDICTION (MANUAL WORKFLOW)
2025-12-12 21:11:48 - netpharm - INFO - ======================================================================
2025-12-12 21:11:48 - netpharm - INFO - 
--- SwissTargetPrediction ---
2025-12-12 21:11:48 - netpharm - INFO - Please follow these steps:
2025-12-12 21:11:48 - netpharm - INFO - 1. Go to: http://www.swisstargetprediction.ch/
2025-12-12 21:11:48 - netpharm - INFO - 2. Select organism: Homo sapiens (Human)
2025-12-12 21:11:48 - netpharm - INFO - 3. Paste this SMILES: COC1=C(C=CC(=C1)C=CC(=O)CC(=O)C=CC2=CC(=C(C=C2)O)OC)O
2025-12-12 21:11:48 - netpharm - INFO - 4. Click 'Submit'
2025-12-12 21:11:48 - netpharm - INFO - 5. Wait for results (~15-20 seconds)
2025-12-12 21:11:48 - netpharm - INFO - 6. Click 'Download' button
2025-12-12 21:11:48 - netpharm - INFO - 7. Save as: ./curcumin_results/compound_969516_20251212_211146/data/swiss_results.csv
2025-12-12 21:13:10 - netpharm - INFO - 
✓ SwissTargetPrediction: 64 targets loaded
2025-12-12 21:13:10 - netpharm - INFO -    (filtered by probability > 0.0)
2025-12-12 21:13:10 - netpharm - INFO - 
--- SuperPred ---
2025-12-12 21:13:10 - netpharm - INFO - Please follow these steps:
2025-12-12 21:13:10 - netpharm - INFO - 1. Go to: https://prediction.charite.de/
2025-12-12 21:13:10 - netpharm - INFO - 2. Click on 'Target Prediction' tab at the top
2025-12-12 21:13:10 - netpharm - INFO -    (or go directly to: https://prediction.charite.de/subpages/target_prediction.php)
2025-12-12 21:13:10 - netpharm - INFO - 3. In the 'SMILES' field, paste this SMILES:
2025-12-12 21:13:10 - netpharm - INFO -    COC1=C(C=CC(=C1)C=CC(=O)CC(=O)C=CC2=CC(=C(C=C2)O)OC)O
2025-12-12 21:13:10 - netpharm - INFO - 4. Click 'Start Calculation' button
2025-12-12 21:13:10 - netpharm - INFO - 5. Wait for results (~30-60 seconds)
2025-12-12 21:13:10 - netpharm - INFO - 
6. Download TWO CSV files:
2025-12-12 21:13:10 - netpharm - INFO -    a) Under 'Known strong binders' section:
2025-12-12 21:13:10 - netpharm - INFO -       → Click 'CSV' button → Save as 'Targets.csv'
2025-12-12 21:13:10 - netpharm - INFO -    b) Under 'Additionally predicted targets' section:
2025-12-12 21:13:10 - netpharm - INFO -       → Click 'CSV' button → Save as 'Targets (1).csv'
2025-12-12 21:13:10 - netpharm - INFO - 
   Save BOTH files to: ./curcumin_results/compound_969516_20251212_211146/data/
2025-12-12 21:13:10 - netpharm - INFO - 
   📝 Note: You can skip 'Indications' section - not needed for pathway analysis
2025-12-12 21:13:14 - netpharm - INFO - 
✓ Loaded 7 known strong binders from SuperPred
2025-12-12 21:13:15 - netpharm - INFO - ✓ Loaded 83 predicted targets from SuperPred
2025-12-12 21:13:15 - netpharm - INFO -    (filtered by probability > 0.5)
2025-12-12 21:13:15 - netpharm - INFO - 
✓ SuperPred total: 90 unique targets
2025-12-12 21:13:15 - netpharm - INFO -    (7 known + 83 predicted)
2025-12-12 21:13:15 - netpharm - INFO - 
======================================================================
2025-12-12 21:13:15 - netpharm - INFO - TARGET PREDICTION SUMMARY:
2025-12-12 21:13:15 - netpharm - INFO - ======================================================================
2025-12-12 21:13:15 - netpharm - INFO - SwissTargetPrediction: 64 targets
2025-12-12 21:13:15 - netpharm - INFO - SuperPred: 90 targets
2025-12-12 21:13:15 - netpharm - INFO -   └─ Known strong binders: 7
2025-12-12 21:13:15 - netpharm - INFO -   └─ Predicted targets: 83
2025-12-12 21:13:15 - netpharm - INFO - Overlapping: 9 targets
2025-12-12 21:13:15 - netpharm - INFO - Total unique: 145 targets
2025-12-12 21:13:15 - netpharm - INFO - 
📄 SwissTargetPrediction results saved to: ./curcumin_results/compound_969516_20251212_211146/step2_targets/swiss_targets.csv
2025-12-12 21:13:15 - netpharm - INFO -    Columns: Target name, UniProt ID, probability, target class
2025-12-12 21:13:15 - netpharm - INFO - 📄 SuperPred results saved to: ./curcumin_results/compound_969516_20251212_211146/step2_targets/superpred_targets.csv
2025-12-12 21:13:15 - netpharm - INFO -    Columns: Target name, probability, source (Known/Predicted)
2025-12-12 21:13:15 - netpharm - INFO -    Contains: Known strong binders + predicted targets (merged)
2025-12-12 21:13:15 - netpharm - INFO - 
======================================================================
2025-12-12 21:13:15 - netpharm - INFO - [STEP 3] REACTOME PATHWAY ANALYSIS
2025-12-12 21:13:15 - netpharm - INFO - ======================================================================
2025-12-12 21:13:15 - netpharm - INFO - 
Searching for: 'R-HSA-1280215'
2025-12-12 21:13:15 - netpharm - INFO -   Using pathway ID directly: R-HSA-1280215
2025-12-12 21:13:15 - netpharm - INFO - 
Searching for: 'R-HSA-1280218'
2025-12-12 21:13:15 - netpharm - INFO -   Using pathway ID directly: R-HSA-1280218
2025-12-12 21:13:15 - netpharm - INFO - 
Searching for: 'R-HSA-449147'
2025-12-12 21:13:15 - netpharm - INFO -   Using pathway ID directly: R-HSA-449147
2025-12-12 21:13:15 - netpharm - INFO - 
Searching for: 'R-HSA-1489509'
2025-12-12 21:13:15 - netpharm - INFO -   Using pathway ID directly: R-HSA-1489509
2025-12-12 21:13:15 - netpharm - INFO - 
✓ Total unique pathways found: 4
2025-12-12 21:13:15 - netpharm - INFO -   - R-HSA-1280215: Pathway R-HSA-1280215
2025-12-12 21:13:15 - netpharm - INFO -   - R-HSA-1280218: Pathway R-HSA-1280218
2025-12-12 21:13:15 - netpharm - INFO -   - R-HSA-449147: Pathway R-HSA-449147
2025-12-12 21:13:15 - netpharm - INFO -   - R-HSA-1489509: Pathway R-HSA-1489509
2025-12-12 21:13:15 - netpharm - INFO - 
Extracting proteins from pathways...
2025-12-12 21:13:15 - netpharm - INFO -   Processing: R-HSA-1280215
2025-12-12 21:13:18 - netpharm - WARNING -     No proteins found for this pathway
2025-12-12 21:13:18 - netpharm - INFO -   Processing: R-HSA-1280218
2025-12-12 21:13:22 - netpharm - WARNING -     No proteins found for this pathway
2025-12-12 21:13:22 - netpharm - INFO -   Processing: R-HSA-449147
2025-12-12 21:13:25 - netpharm - WARNING -     No proteins found for this pathway
2025-12-12 21:13:25 - netpharm - INFO -   Processing: R-HSA-1489509
2025-12-12 21:13:27 - netpharm - WARNING -     No proteins found for this pathway
2025-12-12 21:13:27 - netpharm - ERROR - 
❌ ERROR: No proteins extracted from pathways
2025-12-12 21:13:27 - netpharm - ERROR - 💡 This could mean:
2025-12-12 21:13:27 - netpharm - ERROR -    - Reactome API is temporarily unavailable
2025-12-12 21:13:27 - netpharm - ERROR -    - Network connection issues
2025-12-12 21:13:27 - netpharm - ERROR -    - Pathway IDs are invalid
2025-12-12 21:13:27 - netpharm - ERROR - 
   Try running the pipeline again in a few minutes.
2025-12-12 21:13:27 - netpharm - ERROR - 
❌ Pipeline stopped due to error
2025-12-12 21:13:27 - netpharm - ERROR - Check log file for details
